Traceback (most recent call last):
  File "main.py", line 2, in <module>
    import torch
ModuleNotFoundError: No module named 'torch'
usage: main.py [-h] -rt ROOT_DIR [-dt DATA_TYPE] [-maxlen MAX_LENGTH]
               [-minfreq MIN_FREQ] [-nl N_LAYER] [-nh N_HEAD] [-dm D_MODEL]
               [-dk D_K] [-dv D_V] [-df D_F] [-pad PAD_IDX]
               [-pospad POS_PAD_IDX] [-drop DROP_RATE] [-lws] [-ews] [-conv]
               [-eps SMOOTH_EPS] [-warm WARMUP_STEPS] [-b1 BETA1] [-b2 BETA2]
               [-bt BATCH] [-step N_STEP] [-cuda] [-svp SAVE_PATH]
               [-load LOAD_PATH] [-vb VERBOSE] [-met METRICS_METHOD]
main.py: error: unrecognized arguments:  
usage: main.py [-h] -rt ROOT_DIR [-dt DATA_TYPE] [-maxlen MAX_LENGTH]
               [-minfreq MIN_FREQ] [-nl N_LAYER] [-nh N_HEAD] [-dm D_MODEL]
               [-dk D_K] [-dv D_V] [-df D_F] [-pad PAD_IDX]
               [-pospad POS_PAD_IDX] [-drop DROP_RATE] [-lws] [-ews] [-conv]
               [-eps SMOOTH_EPS] [-warm WARMUP_STEPS] [-b1 BETA1] [-b2 BETA2]
               [-bt BATCH] [-step N_STEP] [-cuda] [-svp SAVE_PATH]
               [-load LOAD_PATH] [-vb VERBOSE] [-met METRICS_METHOD]
main.py: error: unrecognized arguments:  
